

Processing Rails::InfoController#properties (for 127.0.0.1 at 2009-12-30 15:18:55) [GET]
  [4;36;1mSQL (12.1ms)[0m   [0;1m SELECT name
 FROM sqlite_master
 WHERE type = 'table' AND NOT name = 'sqlite_sequence'
[0m
Completed in 114ms (View: 9, DB: 12) | 200 OK [http://localhost/rails/info/properties]


Processing ApplicationController#index (for 127.0.0.1 at 2010-01-12 14:11:22) [GET]

ActionController::RoutingError (No route matches "/pages/contact" with {:method=>:get}):
  

Rendering rescues/layout (not_found)


Processing ApplicationController#index (for 127.0.0.1 at 2010-01-12 14:11:29) [GET]

ActionController::RoutingError (No route matches "/pages/home/" with {:method=>:get}):
  

Rendering rescues/layout (not_found)


Processing PagesController#contact (for 127.0.0.1 at 2010-01-12 14:12:48) [GET]
Rendering pages/contact
Completed in 127ms (View: 118, DB: 0) | 200 OK [http://localhost/pages/contact/]


Processing PagesController#home (for 127.0.0.1 at 2010-01-12 14:12:52) [GET]
Rendering pages/home
Completed in 22ms (View: 12, DB: 0) | 200 OK [http://localhost/pages/home/]


Processing PagesController#testing (for 127.0.0.1 at 2010-01-12 14:15:52) [GET]
Rendering pages/testing
Completed in 26ms (View: 17, DB: 0) | 200 OK [http://localhost/pages/testing/]
  [4;36;1mSQL (11.6ms)[0m   [0;1m SELECT name
 FROM sqlite_master
 WHERE type = 'table' AND NOT name = 'sqlite_sequence'
[0m
  [4;35;1mSQL (0.5ms)[0m   [0mselect sqlite_version(*)[0m
  [4;36;1mSQL (1.6ms)[0m   [0;1mCREATE TABLE "schema_migrations" ("version" varchar(255) NOT NULL) [0m
  [4;35;1mSQL (1.3ms)[0m   [0mCREATE UNIQUE INDEX "unique_schema_migrations" ON "schema_migrations" ("version")[0m
  [4;36;1mSQL (0.4ms)[0m   [0;1m SELECT name
 FROM sqlite_master
 WHERE type = 'table' AND NOT name = 'sqlite_sequence'
[0m
  [4;35;1mSQL (0.6ms)[0m   [0m SELECT name
 FROM sqlite_master
 WHERE type = 'table' AND NOT name = 'sqlite_sequence'
[0m
  [4;36;1mSQL (0.2ms)[0m   [0;1mSELECT version FROM schema_migrations[0m
  [4;35;1mSQL (0.4ms)[0m   [0m SELECT name
 FROM sqlite_master
 WHERE type = 'table' AND NOT name = 'sqlite_sequence'
[0m


Processing Rails::InfoController#properties (for 127.0.0.1 at 2010-01-12 14:22:44) [GET]
  [4;36;1mSQL (1.3ms)[0m   [0;1m SELECT name
 FROM sqlite_master
 WHERE type = 'table' AND NOT name = 'sqlite_sequence'
[0m
  [4;35;1mSQL (0.3ms)[0m   [0mSELECT version FROM schema_migrations[0m
Completed in 90ms (View: 8, DB: 2) | 200 OK [http://localhost/rails/info/properties]


Processing PagesController#about (for 127.0.0.1 at 2010-01-12 14:25:02) [GET]

ActionView::MissingTemplate (Missing template pages/about.erb in view path app/views):
  

Rendering rescues/layout (internal_server_error)


Processing PagesController#about (for 127.0.0.1 at 2010-01-12 14:26:06) [GET]
Rendering pages/about
Completed in 29ms (View: 18, DB: 0) | 200 OK [http://localhost/pages/about/]


Processing PagesController#about (for 127.0.0.1 at 2010-01-12 14:26:28) [GET]
Rendering pages/about
Completed in 22ms (View: 12, DB: 0) | 200 OK [http://localhost/pages/about/]


Processing PagesController#about (for 127.0.0.1 at 2010-01-12 14:53:13) [GET]
Rendering pages/about
Completed in 11ms (View: 2, DB: 0) | 200 OK [http://localhost/pages/about/]


Processing PagesController#home (for 127.0.0.1 at 2010-01-12 14:53:16) [GET]
Rendering pages/home
Completed in 11ms (View: 2, DB: 0) | 200 OK [http://localhost/pages/home/]


Processing PagesController#home (for 127.0.0.1 at 2010-01-12 14:54:55) [GET]
Rendering pages/home
Completed in 22ms (View: 13, DB: 0) | 200 OK [http://localhost/pages/home/]


Processing PagesController#home (for 127.0.0.1 at 2010-01-12 14:57:35) [GET]
Rendering pages/home
Completed in 10ms (View: 2, DB: 0) | 200 OK [http://localhost/pages/home/]


Processing PagesController#home (for 127.0.0.1 at 2010-01-12 15:00:56) [GET]
Rendering pages/home
Completed in 23ms (View: 13, DB: 0) | 200 OK [http://localhost/pages/home/]


Processing PagesController#about (for 127.0.0.1 at 2010-01-12 15:02:20) [GET]
Rendering pages/about
Completed in 21ms (View: 12, DB: 0) | 200 OK [http://localhost/pages/about/]


Processing PagesController#contact (for 127.0.0.1 at 2010-01-12 15:02:26) [GET]
Rendering pages/contact
Completed in 21ms (View: 12, DB: 0) | 200 OK [http://localhost/pages/contact/]


Processing PagesController#contact (for 127.0.0.1 at 2010-01-12 15:06:20) [GET]
Rendering template within layouts/application
Rendering pages/contact
Completed in 38ms (View: 29, DB: 0) | 200 OK [http://localhost/pages/contact/]


Processing PagesController#about (for 127.0.0.1 at 2010-01-12 15:07:06) [GET]
Rendering template within layouts/application
Rendering pages/about
Completed in 21ms (View: 12, DB: 0) | 200 OK [http://localhost/pages/about/]
